huggingface/tokenizers: The current process just got forked, after parallelism has already been used. Disabling parallelism to avoid deadlocks...
To disable this warning, you can either:
	- Avoid using `tokenizers` before the fork if possible
	- Explicitly set the environment variable TOKENIZERS_PARALLELISM=(true | false)
huggingface/tokenizers: The current process just got forked, after parallelism has already been used. Disabling parallelism to avoid deadlocks...
To disable this warning, you can either:
	- Avoid using `tokenizers` before the fork if possible
	- Explicitly set the environment variable TOKENIZERS_PARALLELISM=(true | false)
huggingface/tokenizers: The current process just got forked, after parallelism has already been used. Disabling parallelism to avoid deadlocks...
To disable this warning, you can either:
	- Avoid using `tokenizers` before the fork if possible
	- Explicitly set the environment variable TOKENIZERS_PARALLELISM=(true | false)
huggingface/tokenizers: The current process just got forked, after parallelism has already been used. Disabling parallelism to avoid deadlocks...
To disable this warning, you can either:
	- Avoid using `tokenizers` before the fork if possible
	- Explicitly set the environment variable TOKENIZERS_PARALLELISM=(true | false)
huggingface/tokenizers: The current process just got forked, after parallelism has already been used. Disabling parallelism to avoid deadlocks...
To disable this warning, you can either:
	- Avoid using `tokenizers` before the fork if possible
	- Explicitly set the environment variable TOKENIZERS_PARALLELISM=(true | false)
huggingface/tokenizers: The current process just got forked, after parallelism has already been used. Disabling parallelism to avoid deadlocks...
To disable this warning, you can either:
	- Avoid using `tokenizers` before the fork if possible
	- Explicitly set the environment variable TOKENIZERS_PARALLELISM=(true | false)
huggingface/tokenizers: The current process just got forked, after parallelism has already been used. Disabling parallelism to avoid deadlocks...
To disable this warning, you can either:
	- Avoid using `tokenizers` before the fork if possible
	- Explicitly set the environment variable TOKENIZERS_PARALLELISM=(true | false)
huggingface/tokenizers: The current process just got forked, after parallelism has already been used. Disabling parallelism to avoid deadlocks...
To disable this warning, you can either:
	- Avoid using `tokenizers` before the fork if possible
	- Explicitly set the environment variable TOKENIZERS_PARALLELISM=(true | false)
huggingface/tokenizers: The current process just got forked, after parallelism has already been used. Disabling parallelism to avoid deadlocks...
To disable this warning, you can either:
	- Avoid using `tokenizers` before the fork if possible
	- Explicitly set the environment variable TOKENIZERS_PARALLELISM=(true | false)
huggingface/tokenizers: The current process just got forked, after parallelism has already been used. Disabling parallelism to avoid deadlocks...
To disable this warning, you can either:
	- Avoid using `tokenizers` before the fork if possible
	- Explicitly set the environment variable TOKENIZERS_PARALLELISM=(true | false)
== Status ==
Memory usage on this node: 92.8/377.3 GiB
Using FIFO scheduling algorithm.
Resources requested: 1/48 CPUs, 1/1 GPUs, 0.0/221.04 GiB heap, 0.0/68.12 GiB objects (0/1.0 accelerator_type:RTX)
Result logdir: /home/lw2534/ray_results/_inner_2021-03-25_02-56-03
Number of trials: 1/5 (1 RUNNING)
+-----------------+----------+-------+-----------------+
| Trial name      | status   | loc   |   learning_rate |
|-----------------+----------+-------+-----------------|
| _inner_2a0cf086 | RUNNING  |       |     2.49816e-05 |
+-----------------+----------+-------+-----------------+


[2m[36m(pid=2175211)[0m {'loss': 0.6706, 'learning_rate': 2.145013673666316e-05, 'epoch': 0.42}
[2m[36m(pid=2175211)[0m {'loss': 0.6633, 'learning_rate': 1.7918668719431822e-05, 'epoch': 0.85}
Result for _inner_2a0cf086:
  date: 2021-03-25_02-59-34
  done: false
  epoch: 1.0
  eval_accuracy: 0.6103975535168196
  eval_f1: 0.7580706418533991
  eval_loss: 0.6754428744316101
  eval_precision: 0.6103975535168196
  eval_recall: 1.0
  eval_runtime: 9.814
  eval_samples_per_second: 166.599
  experiment_id: a2881f2371b84b7eaac8fc482f9c271e
  hostname: gr037.nyu.cluster
  iterations_since_restore: 1
  node_ip: 10.32.35.96
  objective: 0.6754428744316101
  pid: 2175211
  time_since_restore: 210.90189790725708
  time_this_iter_s: 210.90189790725708
  time_total_s: 210.90189790725708
  timestamp: 1616655574
  timesteps_since_restore: 0
  training_iteration: 1
  trial_id: 2a0cf086
  
== Status ==
Memory usage on this node: 95.5/377.3 GiB
Using FIFO scheduling algorithm.
Resources requested: 1/48 CPUs, 1/1 GPUs, 0.0/221.04 GiB heap, 0.0/68.12 GiB objects (0/1.0 accelerator_type:RTX)
Result logdir: /home/lw2534/ray_results/_inner_2021-03-25_02-56-03
Number of trials: 2/5 (1 PENDING, 1 RUNNING)
+-----------------+----------+---------------------+-----------------+-------------+
| Trial name      | status   | loc                 |   learning_rate |   objective |
|-----------------+----------+---------------------+-----------------+-------------|
| _inner_2a0cf086 | RUNNING  | 10.32.35.96:2175211 |     2.49816e-05 |    0.675443 |
| _inner_2a10a294 | PENDING  |                     |     4.80286e-05 |             |
+-----------------+----------+---------------------+-----------------+-------------+


[2m[36m(pid=2175211)[0m (0.6103975535168196, 1.0, 0.7580706418533991, None)
[2m[36m(pid=2175211)[0m {'eval_loss': 0.6754428744316101, 'eval_accuracy': 0.6103975535168196, 'eval_f1': 0.7580706418533991, 'eval_precision': 0.6103975535168196, 'eval_recall': 1.0, 'eval_runtime': 9.814, 'eval_samples_per_second': 166.599, 'epoch': 1.0}
[2m[36m(pid=2175211)[0m {'loss': 0.6665, 'learning_rate': 1.438720070220048e-05, 'epoch': 1.27}
[2m[36m(pid=2175211)[0m {'loss': 0.6653, 'learning_rate': 1.085573268496914e-05, 'epoch': 1.7}
Result for _inner_2a0cf086:
  date: 2021-03-25_03-03-02
  done: false
  epoch: 2.0
  eval_accuracy: 0.6103975535168196
  eval_f1: 0.7580706418533991
  eval_loss: 0.6701042056083679
  eval_precision: 0.6103975535168196
  eval_recall: 1.0
  eval_runtime: 9.8409
  eval_samples_per_second: 166.144
  experiment_id: a2881f2371b84b7eaac8fc482f9c271e
  hostname: gr037.nyu.cluster
  iterations_since_restore: 2
  node_ip: 10.32.35.96
  objective: 0.6701042056083679
  pid: 2175211
  time_since_restore: 418.4710421562195
  time_this_iter_s: 207.5691442489624
  time_total_s: 418.4710421562195
  timestamp: 1616655782
  timesteps_since_restore: 0
  training_iteration: 2
  trial_id: 2a0cf086
  
== Status ==
Memory usage on this node: 95.6/377.3 GiB
Using FIFO scheduling algorithm.
Resources requested: 1/48 CPUs, 1/1 GPUs, 0.0/221.04 GiB heap, 0.0/68.12 GiB objects (0/1.0 accelerator_type:RTX)
Result logdir: /home/lw2534/ray_results/_inner_2021-03-25_02-56-03
Number of trials: 2/5 (1 PENDING, 1 RUNNING)
+-----------------+----------+---------------------+-----------------+-------------+
| Trial name      | status   | loc                 |   learning_rate |   objective |
|-----------------+----------+---------------------+-----------------+-------------|
| _inner_2a0cf086 | RUNNING  | 10.32.35.96:2175211 |     2.49816e-05 |    0.670104 |
| _inner_2a10a294 | PENDING  |                     |     4.80286e-05 |             |
+-----------------+----------+---------------------+-----------------+-------------+


[2m[36m(pid=2175211)[0m (0.6103975535168196, 1.0, 0.7580706418533991, None)
[2m[36m(pid=2175211)[0m {'eval_loss': 0.6701042056083679, 'eval_accuracy': 0.6103975535168196, 'eval_f1': 0.7580706418533991, 'eval_precision': 0.6103975535168196, 'eval_recall': 1.0, 'eval_runtime': 9.8409, 'eval_samples_per_second': 166.144, 'epoch': 2.0}
[2m[36m(pid=2175211)[0m {'loss': 0.6669, 'learning_rate': 7.3242646677378e-06, 'epoch': 2.12}
[2m[36m(pid=2175211)[0m {'loss': 0.6574, 'learning_rate': 3.7927966505064595e-06, 'epoch': 2.54}
[2m[36m(pid=2175211)[0m {'loss': 0.6709, 'learning_rate': 2.613286332751192e-07, 'epoch': 2.97}
Result for _inner_2a0cf086:
  date: 2021-03-25_03-06-29
  done: false
  epoch: 3.0
  eval_accuracy: 0.6103975535168196
  eval_f1: 0.7580706418533991
  eval_loss: 0.6687090396881104
  eval_precision: 0.6103975535168196
  eval_recall: 1.0
  eval_runtime: 9.839
  eval_samples_per_second: 166.175
  experiment_id: a2881f2371b84b7eaac8fc482f9c271e
  hostname: gr037.nyu.cluster
  iterations_since_restore: 3
  node_ip: 10.32.35.96
  objective: 0.6687090396881104
  pid: 2175211
  time_since_restore: 625.9907305240631
  time_this_iter_s: 207.51968836784363
  time_total_s: 625.9907305240631
  timestamp: 1616655989
  timesteps_since_restore: 0
  training_iteration: 3
  trial_id: 2a0cf086
  
== Status ==
Memory usage on this node: 95.4/377.3 GiB
Using FIFO scheduling algorithm.
Resources requested: 1/48 CPUs, 1/1 GPUs, 0.0/221.04 GiB heap, 0.0/68.12 GiB objects (0/1.0 accelerator_type:RTX)
Result logdir: /home/lw2534/ray_results/_inner_2021-03-25_02-56-03
Number of trials: 2/5 (1 PENDING, 1 RUNNING)
+-----------------+----------+---------------------+-----------------+-------------+
| Trial name      | status   | loc                 |   learning_rate |   objective |
|-----------------+----------+---------------------+-----------------+-------------|
| _inner_2a0cf086 | RUNNING  | 10.32.35.96:2175211 |     2.49816e-05 |    0.668709 |
| _inner_2a10a294 | PENDING  |                     |     4.80286e-05 |             |
+-----------------+----------+---------------------+-----------------+-------------+


[2m[36m(pid=2175211)[0m (0.6103975535168196, 1.0, 0.7580706418533991, None)
[2m[36m(pid=2175211)[0m {'eval_loss': 0.6687090396881104, 'eval_accuracy': 0.6103975535168196, 'eval_f1': 0.7580706418533991, 'eval_precision': 0.6103975535168196, 'eval_recall': 1.0, 'eval_runtime': 9.839, 'eval_samples_per_second': 166.175, 'epoch': 3.0}
[2m[36m(pid=2175211)[0m {'train_runtime': 624.8277, 'train_samples_per_second': 5.661, 'epoch': 3.0}
Result for _inner_2a0cf086:
  date: 2021-03-25_03-06-29
  done: true
  epoch: 3.0
  eval_accuracy: 0.6103975535168196
  eval_f1: 0.7580706418533991
  eval_loss: 0.6687090396881104
  eval_precision: 0.6103975535168196
  eval_recall: 1.0
  eval_runtime: 9.839
  eval_samples_per_second: 166.175
  experiment_id: a2881f2371b84b7eaac8fc482f9c271e
  experiment_tag: 1_learning_rate=2.4982e-05
  hostname: gr037.nyu.cluster
  iterations_since_restore: 3
  node_ip: 10.32.35.96
  objective: 0.6687090396881104
  pid: 2175211
  time_since_restore: 625.9907305240631
  time_this_iter_s: 207.51968836784363
  time_total_s: 625.9907305240631
  timestamp: 1616655989
  timesteps_since_restore: 0
  training_iteration: 3
  trial_id: 2a0cf086
  
== Status ==
Memory usage on this node: 95.4/377.3 GiB
Using FIFO scheduling algorithm.
Resources requested: 0/48 CPUs, 0/1 GPUs, 0.0/221.04 GiB heap, 0.0/68.12 GiB objects (0/1.0 accelerator_type:RTX)
Result logdir: /home/lw2534/ray_results/_inner_2021-03-25_02-56-03
Number of trials: 2/5 (1 PENDING, 1 TERMINATED)
+-----------------+------------+-------+-----------------+-------------+
| Trial name      | status     | loc   |   learning_rate |   objective |
|-----------------+------------+-------+-----------------+-------------|
| _inner_2a10a294 | PENDING    |       |     4.80286e-05 |             |
| _inner_2a0cf086 | TERMINATED |       |     2.49816e-05 |    0.668709 |
+-----------------+------------+-------+-----------------+-------------+


[2m[36m(pid=2175216)[0m {'loss': 0.6741, 'learning_rate': 4.1239121838472324e-05, 'epoch': 0.42}
[2m[36m(pid=2175216)[0m {'loss': 0.6652, 'learning_rate': 3.4449671420548007e-05, 'epoch': 0.85}
Result for _inner_2a10a294:
  date: 2021-03-25_03-10-07
  done: false
  epoch: 1.0
  eval_accuracy: 0.6103975535168196
  eval_f1: 0.7580706418533991
  eval_loss: 0.6730514168739319
  eval_precision: 0.6103975535168196
  eval_recall: 1.0
  eval_runtime: 9.827
  eval_samples_per_second: 166.379
  experiment_id: 45f1e6a394cc41b4a9856dbeba2c7bea
  hostname: gr037.nyu.cluster
  iterations_since_restore: 1
  node_ip: 10.32.35.96
  objective: 0.6730514168739319
  pid: 2175216
  time_since_restore: 211.9547655582428
  time_this_iter_s: 211.9547655582428
  time_total_s: 211.9547655582428
  timestamp: 1616656207
  timesteps_since_restore: 0
  training_iteration: 1
  trial_id: 2a10a294
  
[2m[36m(pid=2175216)[0m (0.6103975535168196, 1.0, 0.7580706418533991, None)
[2m[36m(pid=2175216)[0m {'eval_loss': 0.6730514168739319, 'eval_accuracy': 0.6103975535168196, 'eval_f1': 0.7580706418533991, 'eval_precision': 0.6103975535168196, 'eval_recall': 1.0, 'eval_runtime': 9.827, 'eval_samples_per_second': 166.379, 'epoch': 1.0}
== Status ==
Memory usage on this node: 95.6/377.3 GiB
Using FIFO scheduling algorithm.
Resources requested: 1/48 CPUs, 1/1 GPUs, 0.0/221.04 GiB heap, 0.0/68.12 GiB objects (0/1.0 accelerator_type:RTX)
Result logdir: /home/lw2534/ray_results/_inner_2021-03-25_02-56-03
Number of trials: 3/5 (1 PENDING, 1 RUNNING, 1 TERMINATED)
+-----------------+------------+---------------------+-----------------+-------------+
| Trial name      | status     | loc                 |   learning_rate |   objective |
|-----------------+------------+---------------------+-----------------+-------------|
| _inner_2a10a294 | RUNNING    | 10.32.35.96:2175216 |     4.80286e-05 |    0.673051 |
| _inner_a2eabb36 | PENDING    |                     |     3.92798e-05 |             |
| _inner_2a0cf086 | TERMINATED |                     |     2.49816e-05 |    0.668709 |
+-----------------+------------+---------------------+-----------------+-------------+


[2m[36m(pid=2175216)[0m {'loss': 0.668, 'learning_rate': 2.7660221002623685e-05, 'epoch': 1.27}
[2m[36m(pid=2175216)[0m {'loss': 0.667, 'learning_rate': 2.0870770584699364e-05, 'epoch': 1.7}
Result for _inner_2a10a294:
  date: 2021-03-25_03-13-34
  done: false
  epoch: 2.0
  eval_accuracy: 0.6103975535168196
  eval_f1: 0.7580706418533991
  eval_loss: 0.6708691716194153
  eval_precision: 0.6103975535168196
  eval_recall: 1.0
  eval_runtime: 9.8171
  eval_samples_per_second: 166.547
  experiment_id: 45f1e6a394cc41b4a9856dbeba2c7bea
  hostname: gr037.nyu.cluster
  iterations_since_restore: 2
  node_ip: 10.32.35.96
  objective: 0.6708691716194153
  pid: 2175216
  time_since_restore: 418.8722143173218
  time_this_iter_s: 206.91744875907898
  time_total_s: 418.8722143173218
  timestamp: 1616656414
  timesteps_since_restore: 0
  training_iteration: 2
  trial_id: 2a10a294
  
== Status ==
Memory usage on this node: 95.6/377.3 GiB
Using FIFO scheduling algorithm.
Resources requested: 1/48 CPUs, 1/1 GPUs, 0.0/221.04 GiB heap, 0.0/68.12 GiB objects (0/1.0 accelerator_type:RTX)
Result logdir: /home/lw2534/ray_results/_inner_2021-03-25_02-56-03
Number of trials: 3/5 (1 PENDING, 1 RUNNING, 1 TERMINATED)
+-----------------+------------+---------------------+-----------------+-------------+
| Trial name      | status     | loc                 |   learning_rate |   objective |
|-----------------+------------+---------------------+-----------------+-------------|
| _inner_2a10a294 | RUNNING    | 10.32.35.96:2175216 |     4.80286e-05 |    0.670869 |
| _inner_a2eabb36 | PENDING    |                     |     3.92798e-05 |             |
| _inner_2a0cf086 | TERMINATED |                     |     2.49816e-05 |    0.668709 |
+-----------------+------------+---------------------+-----------------+-------------+


[2m[36m(pid=2175216)[0m (0.6103975535168196, 1.0, 0.7580706418533991, None)
[2m[36m(pid=2175216)[0m {'eval_loss': 0.6708691716194153, 'eval_accuracy': 0.6103975535168196, 'eval_f1': 0.7580706418533991, 'eval_precision': 0.6103975535168196, 'eval_recall': 1.0, 'eval_runtime': 9.8171, 'eval_samples_per_second': 166.547, 'epoch': 2.0}
[2m[36m(pid=2175216)[0m {'loss': 0.6679, 'learning_rate': 1.4081320166775043e-05, 'epoch': 2.12}
[2m[36m(pid=2175216)[0m {'loss': 0.6588, 'learning_rate': 7.291869748850721e-06, 'epoch': 2.54}
[2m[36m(pid=2175216)[0m {'loss': 0.6714, 'learning_rate': 5.024193309263998e-07, 'epoch': 2.97}
Result for _inner_2a10a294:
  date: 2021-03-25_03-17-01
  done: false
  epoch: 3.0
  eval_accuracy: 0.6103975535168196
  eval_f1: 0.7580706418533991
  eval_loss: 0.6685681939125061
  eval_precision: 0.6103975535168196
  eval_recall: 1.0
  eval_runtime: 9.8317
  eval_samples_per_second: 166.298
  experiment_id: 45f1e6a394cc41b4a9856dbeba2c7bea
  hostname: gr037.nyu.cluster
  iterations_since_restore: 3
  node_ip: 10.32.35.96
  objective: 0.6685681939125061
  pid: 2175216
  time_since_restore: 625.9665257930756
  time_this_iter_s: 207.09431147575378
  time_total_s: 625.9665257930756
  timestamp: 1616656621
  timesteps_since_restore: 0
  training_iteration: 3
  trial_id: 2a10a294
  
== Status ==
Memory usage on this node: 95.9/377.3 GiB
Using FIFO scheduling algorithm.
Resources requested: 1/48 CPUs, 1/1 GPUs, 0.0/221.04 GiB heap, 0.0/68.12 GiB objects (0/1.0 accelerator_type:RTX)
Result logdir: /home/lw2534/ray_results/_inner_2021-03-25_02-56-03
Number of trials: 3/5 (1 PENDING, 1 RUNNING, 1 TERMINATED)
+-----------------+------------+---------------------+-----------------+-------------+
| Trial name      | status     | loc                 |   learning_rate |   objective |
|-----------------+------------+---------------------+-----------------+-------------|
| _inner_2a10a294 | RUNNING    | 10.32.35.96:2175216 |     4.80286e-05 |    0.668568 |
| _inner_a2eabb36 | PENDING    |                     |     3.92798e-05 |             |
| _inner_2a0cf086 | TERMINATED |                     |     2.49816e-05 |    0.668709 |
+-----------------+------------+---------------------+-----------------+-------------+


[2m[36m(pid=2175216)[0m (0.6103975535168196, 1.0, 0.7580706418533991, None)
[2m[36m(pid=2175216)[0m {'eval_loss': 0.6685681939125061, 'eval_accuracy': 0.6103975535168196, 'eval_f1': 0.7580706418533991, 'eval_precision': 0.6103975535168196, 'eval_recall': 1.0, 'eval_runtime': 9.8317, 'eval_samples_per_second': 166.298, 'epoch': 3.0}
[2m[36m(pid=2175216)[0m {'train_runtime': 624.5785, 'train_samples_per_second': 5.663, 'epoch': 3.0}
Result for _inner_2a10a294:
  date: 2021-03-25_03-17-01
  done: true
  epoch: 3.0
  eval_accuracy: 0.6103975535168196
  eval_f1: 0.7580706418533991
  eval_loss: 0.6685681939125061
  eval_precision: 0.6103975535168196
  eval_recall: 1.0
  eval_runtime: 9.8317
  eval_samples_per_second: 166.298
  experiment_id: 45f1e6a394cc41b4a9856dbeba2c7bea
  experiment_tag: 2_learning_rate=4.8029e-05
  hostname: gr037.nyu.cluster
  iterations_since_restore: 3
  node_ip: 10.32.35.96
  objective: 0.6685681939125061
  pid: 2175216
  time_since_restore: 625.9665257930756
  time_this_iter_s: 207.09431147575378
  time_total_s: 625.9665257930756
  timestamp: 1616656621
  timesteps_since_restore: 0
  training_iteration: 3
  trial_id: 2a10a294
  
== Status ==
Memory usage on this node: 95.7/377.3 GiB
Using FIFO scheduling algorithm.
Resources requested: 0/48 CPUs, 0/1 GPUs, 0.0/221.04 GiB heap, 0.0/68.12 GiB objects (0/1.0 accelerator_type:RTX)
Result logdir: /home/lw2534/ray_results/_inner_2021-03-25_02-56-03
Number of trials: 3/5 (1 PENDING, 2 TERMINATED)
+-----------------+------------+-------+-----------------+-------------+
| Trial name      | status     | loc   |   learning_rate |   objective |
|-----------------+------------+-------+-----------------+-------------|
| _inner_a2eabb36 | PENDING    |       |     3.92798e-05 |             |
| _inner_2a0cf086 | TERMINATED |       |     2.49816e-05 |    0.668709 |
| _inner_2a10a294 | TERMINATED |       |     4.80286e-05 |    0.668568 |
+-----------------+------------+-------+-----------------+-------------+


[2m[36m(pid=2175127)[0m {'loss': 0.6677, 'learning_rate': 3.372706362772109e-05, 'epoch': 0.42}
[2m[36m(pid=2175127)[0m {'loss': 0.6642, 'learning_rate': 2.817436958298598e-05, 'epoch': 0.85}
Result for _inner_a2eabb36:
  date: 2021-03-25_03-20-40
  done: false
  epoch: 1.0
  eval_accuracy: 0.6103975535168196
  eval_f1: 0.7580706418533991
  eval_loss: 0.674532413482666
  eval_precision: 0.6103975535168196
  eval_recall: 1.0
  eval_runtime: 9.8461
  eval_samples_per_second: 166.055
  experiment_id: 0fe932e39ad5429c8c9fc4bc0d75034f
  hostname: gr037.nyu.cluster
  iterations_since_restore: 1
  node_ip: 10.32.35.96
  objective: 0.674532413482666
  pid: 2175127
  time_since_restore: 212.60956406593323
  time_this_iter_s: 212.60956406593323
  time_total_s: 212.60956406593323
  timestamp: 1616656840
  timesteps_since_restore: 0
  training_iteration: 1
  trial_id: a2eabb36
  
== Status ==
Memory usage on this node: 95.0/377.3 GiB
Using FIFO scheduling algorithm.
Resources requested: 1/48 CPUs, 1/1 GPUs, 0.0/221.04 GiB heap, 0.0/68.12 GiB objects (0/1.0 accelerator_type:RTX)
Result logdir: /home/lw2534/ray_results/_inner_2021-03-25_02-56-03
Number of trials: 4/5 (1 PENDING, 1 RUNNING, 2 TERMINATED)
+-----------------+------------+---------------------+-----------------+-------------+
| Trial name      | status     | loc                 |   learning_rate |   objective |
|-----------------+------------+---------------------+-----------------+-------------|
| _inner_a2eabb36 | RUNNING    | 10.32.35.96:2175127 |     3.92798e-05 |    0.674532 |
| _inner_1ba403ce | PENDING    |                     |     3.39463e-05 |             |
| _inner_2a0cf086 | TERMINATED |                     |     2.49816e-05 |    0.668709 |
| _inner_2a10a294 | TERMINATED |                     |     4.80286e-05 |    0.668568 |
+-----------------+------------+---------------------+-----------------+-------------+


[2m[36m(pid=2175127)[0m (0.6103975535168196, 1.0, 0.7580706418533991, None)
[2m[36m(pid=2175127)[0m {'eval_loss': 0.674532413482666, 'eval_accuracy': 0.6103975535168196, 'eval_f1': 0.7580706418533991, 'eval_precision': 0.6103975535168196, 'eval_recall': 1.0, 'eval_runtime': 9.8461, 'eval_samples_per_second': 166.055, 'epoch': 1.0}
[2m[36m(pid=2175127)[0m {'loss': 0.6668, 'learning_rate': 2.2621675538250863e-05, 'epoch': 1.27}
[2m[36m(pid=2175127)[0m {'loss': 0.666, 'learning_rate': 1.7068981493515747e-05, 'epoch': 1.7}
Result for _inner_a2eabb36:
  date: 2021-03-25_03-24-08
  done: false
  epoch: 2.0
  eval_accuracy: 0.6103975535168196
  eval_f1: 0.7580706418533991
  eval_loss: 0.6703489422798157
  eval_precision: 0.6103975535168196
  eval_recall: 1.0
  eval_runtime: 9.8335
  eval_samples_per_second: 166.268
  experiment_id: 0fe932e39ad5429c8c9fc4bc0d75034f
  hostname: gr037.nyu.cluster
  iterations_since_restore: 2
  node_ip: 10.32.35.96
  objective: 0.6703489422798157
  pid: 2175127
  time_since_restore: 420.45932149887085
  time_this_iter_s: 207.84975743293762
  time_total_s: 420.45932149887085
  timestamp: 1616657048
  timesteps_since_restore: 0
  training_iteration: 2
  trial_id: a2eabb36
  
== Status ==
Memory usage on this node: 95.4/377.3 GiB
Using FIFO scheduling algorithm.
Resources requested: 1/48 CPUs, 1/1 GPUs, 0.0/221.04 GiB heap, 0.0/68.12 GiB objects (0/1.0 accelerator_type:RTX)
Result logdir: /home/lw2534/ray_results/_inner_2021-03-25_02-56-03
Number of trials: 4/5 (1 PENDING, 1 RUNNING, 2 TERMINATED)
+-----------------+------------+---------------------+-----------------+-------------+
| Trial name      | status     | loc                 |   learning_rate |   objective |
|-----------------+------------+---------------------+-----------------+-------------|
| _inner_a2eabb36 | RUNNING    | 10.32.35.96:2175127 |     3.92798e-05 |    0.670349 |
| _inner_1ba403ce | PENDING    |                     |     3.39463e-05 |             |
| _inner_2a0cf086 | TERMINATED |                     |     2.49816e-05 |    0.668709 |
| _inner_2a10a294 | TERMINATED |                     |     4.80286e-05 |    0.668568 |
+-----------------+------------+---------------------+-----------------+-------------+


[2m[36m(pid=2175127)[0m (0.6103975535168196, 1.0, 0.7580706418533991, None)
[2m[36m(pid=2175127)[0m {'eval_loss': 0.6703489422798157, 'eval_accuracy': 0.6103975535168196, 'eval_f1': 0.7580706418533991, 'eval_precision': 0.6103975535168196, 'eval_recall': 1.0, 'eval_runtime': 9.8335, 'eval_samples_per_second': 166.268, 'epoch': 2.0}
[2m[36m(pid=2175127)[0m {'loss': 0.6679, 'learning_rate': 1.151628744878063e-05, 'epoch': 2.12}
[2m[36m(pid=2175127)[0m {'loss': 0.6578, 'learning_rate': 5.963593404045515e-06, 'epoch': 2.54}
[2m[36m(pid=2175127)[0m {'loss': 0.6716, 'learning_rate': 4.1089935931039857e-07, 'epoch': 2.97}
Result for _inner_a2eabb36:
  date: 2021-03-25_03-27-35
  done: false
  epoch: 3.0
  eval_accuracy: 0.6103975535168196
  eval_f1: 0.7580706418533991
  eval_loss: 0.6686118841171265
  eval_precision: 0.6103975535168196
  eval_recall: 1.0
  eval_runtime: 9.8253
  eval_samples_per_second: 166.407
  experiment_id: 0fe932e39ad5429c8c9fc4bc0d75034f
  hostname: gr037.nyu.cluster
  iterations_since_restore: 3
  node_ip: 10.32.35.96
  objective: 0.6686118841171265
  pid: 2175127
  time_since_restore: 627.9592199325562
  time_this_iter_s: 207.4998984336853
  time_total_s: 627.9592199325562
  timestamp: 1616657255
  timesteps_since_restore: 0
  training_iteration: 3
  trial_id: a2eabb36
  
== Status ==
Memory usage on this node: 95.5/377.3 GiB
Using FIFO scheduling algorithm.
Resources requested: 1/48 CPUs, 1/1 GPUs, 0.0/221.04 GiB heap, 0.0/68.12 GiB objects (0/1.0 accelerator_type:RTX)
Result logdir: /home/lw2534/ray_results/_inner_2021-03-25_02-56-03
Number of trials: 4/5 (1 PENDING, 1 RUNNING, 2 TERMINATED)
+-----------------+------------+---------------------+-----------------+-------------+
| Trial name      | status     | loc                 |   learning_rate |   objective |
|-----------------+------------+---------------------+-----------------+-------------|
| _inner_a2eabb36 | RUNNING    | 10.32.35.96:2175127 |     3.92798e-05 |    0.668612 |
| _inner_1ba403ce | PENDING    |                     |     3.39463e-05 |             |
| _inner_2a0cf086 | TERMINATED |                     |     2.49816e-05 |    0.668709 |
| _inner_2a10a294 | TERMINATED |                     |     4.80286e-05 |    0.668568 |
+-----------------+------------+---------------------+-----------------+-------------+


[2m[36m(pid=2175127)[0m (0.6103975535168196, 1.0, 0.7580706418533991, None)
[2m[36m(pid=2175127)[0m {'eval_loss': 0.6686118841171265, 'eval_accuracy': 0.6103975535168196, 'eval_f1': 0.7580706418533991, 'eval_precision': 0.6103975535168196, 'eval_recall': 1.0, 'eval_runtime': 9.8253, 'eval_samples_per_second': 166.407, 'epoch': 3.0}
[2m[36m(pid=2175127)[0m {'train_runtime': 629.934, 'train_samples_per_second': 5.615, 'epoch': 3.0}
Result for _inner_a2eabb36:
  date: 2021-03-25_03-27-35
  done: true
  epoch: 3.0
  eval_accuracy: 0.6103975535168196
  eval_f1: 0.7580706418533991
  eval_loss: 0.6686118841171265
  eval_precision: 0.6103975535168196
  eval_recall: 1.0
  eval_runtime: 9.8253
  eval_samples_per_second: 166.407
  experiment_id: 0fe932e39ad5429c8c9fc4bc0d75034f
  experiment_tag: 3_learning_rate=3.928e-05
  hostname: gr037.nyu.cluster
  iterations_since_restore: 3
  node_ip: 10.32.35.96
  objective: 0.6686118841171265
  pid: 2175127
  time_since_restore: 627.9592199325562
  time_this_iter_s: 207.4998984336853
  time_total_s: 627.9592199325562
  timestamp: 1616657255
  timesteps_since_restore: 0
  training_iteration: 3
  trial_id: a2eabb36
  
== Status ==
Memory usage on this node: 95.5/377.3 GiB
Using FIFO scheduling algorithm.
Resources requested: 0/48 CPUs, 0/1 GPUs, 0.0/221.04 GiB heap, 0.0/68.12 GiB objects (0/1.0 accelerator_type:RTX)
Result logdir: /home/lw2534/ray_results/_inner_2021-03-25_02-56-03
Number of trials: 4/5 (1 PENDING, 3 TERMINATED)
+-----------------+------------+-------+-----------------+-------------+
| Trial name      | status     | loc   |   learning_rate |   objective |
|-----------------+------------+-------+-----------------+-------------|
| _inner_1ba403ce | PENDING    |       |     3.39463e-05 |             |
| _inner_2a0cf086 | TERMINATED |       |     2.49816e-05 |    0.668709 |
| _inner_2a10a294 | TERMINATED |       |     4.80286e-05 |    0.668568 |
| _inner_a2eabb36 | TERMINATED |       |     3.92798e-05 |    0.668612 |
+-----------------+------------+-------+-----------------+-------------+


[2m[36m(pid=2175134)[0m {'loss': 0.6736, 'learning_rate': 2.9147591931087368e-05, 'epoch': 0.42}
[2m[36m(pid=2175134)[0m {'loss': 0.6632, 'learning_rate': 2.434884449429327e-05, 'epoch': 0.85}
Result for _inner_1ba403ce:
  date: 2021-03-25_03-31-17
  done: false
  epoch: 1.0
  eval_accuracy: 0.6103975535168196
  eval_f1: 0.7580706418533991
  eval_loss: 0.6749393939971924
  eval_precision: 0.6103975535168196
  eval_recall: 1.0
  eval_runtime: 9.8461
  eval_samples_per_second: 166.055
  experiment_id: fc0f2c5789d84548b1b611b3cfe70a74
  hostname: gr037.nyu.cluster
  iterations_since_restore: 1
  node_ip: 10.32.35.96
  objective: 0.6749393939971924
  pid: 2175134
  time_since_restore: 212.5819547176361
  time_this_iter_s: 212.5819547176361
  time_total_s: 212.5819547176361
  timestamp: 1616657477
  timesteps_since_restore: 0
  training_iteration: 1
  trial_id: 1ba403ce
  
== Status ==
Memory usage on this node: 95.2/377.3 GiB
Using FIFO scheduling algorithm.
Resources requested: 1/48 CPUs, 1/1 GPUs, 0.0/221.04 GiB heap, 0.0/68.12 GiB objects (0/1.0 accelerator_type:RTX)
Result logdir: /home/lw2534/ray_results/_inner_2021-03-25_02-56-03
Number of trials: 4/5 (1 RUNNING, 3 TERMINATED)
+-----------------+------------+---------------------+-----------------+-------------+
| Trial name      | status     | loc                 |   learning_rate |   objective |
|-----------------+------------+---------------------+-----------------+-------------|
| _inner_1ba403ce | RUNNING    | 10.32.35.96:2175134 |     3.39463e-05 |    0.674939 |
| _inner_2a0cf086 | TERMINATED |                     |     2.49816e-05 |    0.668709 |
| _inner_2a10a294 | TERMINATED |                     |     4.80286e-05 |    0.668568 |
| _inner_a2eabb36 | TERMINATED |                     |     3.92798e-05 |    0.668612 |
+-----------------+------------+---------------------+-----------------+-------------+


[2m[36m(pid=2175134)[0m (0.6103975535168196, 1.0, 0.7580706418533991, None)
[2m[36m(pid=2175134)[0m {'eval_loss': 0.6749393939971924, 'eval_accuracy': 0.6103975535168196, 'eval_f1': 0.7580706418533991, 'eval_precision': 0.6103975535168196, 'eval_recall': 1.0, 'eval_runtime': 9.8461, 'eval_samples_per_second': 166.055, 'epoch': 1.0}
[2m[36m(pid=2175134)[0m {'loss': 0.6665, 'learning_rate': 1.9550097057499168e-05, 'epoch': 1.27}
[2m[36m(pid=2175134)[0m {'loss': 0.6658, 'learning_rate': 1.4751349620705066e-05, 'epoch': 1.7}
Result for _inner_1ba403ce:
  date: 2021-03-25_03-34-45
  done: false
  epoch: 2.0
  eval_accuracy: 0.6103975535168196
  eval_f1: 0.7580706418533991
  eval_loss: 0.6703051924705505
  eval_precision: 0.6103975535168196
  eval_recall: 1.0
  eval_runtime: 9.8221
  eval_samples_per_second: 166.461
  experiment_id: fc0f2c5789d84548b1b611b3cfe70a74
  hostname: gr037.nyu.cluster
  iterations_since_restore: 2
  node_ip: 10.32.35.96
  objective: 0.6703051924705505
  pid: 2175134
  time_since_restore: 420.2955594062805
  time_this_iter_s: 207.7136046886444
  time_total_s: 420.2955594062805
  timestamp: 1616657685
  timesteps_since_restore: 0
  training_iteration: 2
  trial_id: 1ba403ce
  
== Status ==
Memory usage on this node: 95.3/377.3 GiB
Using FIFO scheduling algorithm.
Resources requested: 1/48 CPUs, 1/1 GPUs, 0.0/221.04 GiB heap, 0.0/68.12 GiB objects (0/1.0 accelerator_type:RTX)
Result logdir: /home/lw2534/ray_results/_inner_2021-03-25_02-56-03
Number of trials: 4/5 (1 RUNNING, 3 TERMINATED)
+-----------------+------------+---------------------+-----------------+-------------+
| Trial name      | status     | loc                 |   learning_rate |   objective |
|-----------------+------------+---------------------+-----------------+-------------|
| _inner_1ba403ce | RUNNING    | 10.32.35.96:2175134 |     3.39463e-05 |    0.670305 |
| _inner_2a0cf086 | TERMINATED |                     |     2.49816e-05 |    0.668709 |
| _inner_2a10a294 | TERMINATED |                     |     4.80286e-05 |    0.668568 |
| _inner_a2eabb36 | TERMINATED |                     |     3.92798e-05 |    0.668612 |
+-----------------+------------+---------------------+-----------------+-------------+


[2m[36m(pid=2175134)[0m (0.6103975535168196, 1.0, 0.7580706418533991, None)
[2m[36m(pid=2175134)[0m {'eval_loss': 0.6703051924705505, 'eval_accuracy': 0.6103975535168196, 'eval_f1': 0.7580706418533991, 'eval_precision': 0.6103975535168196, 'eval_recall': 1.0, 'eval_runtime': 9.8221, 'eval_samples_per_second': 166.461, 'epoch': 2.0}
[2m[36m(pid=2175134)[0m {'loss': 0.6673, 'learning_rate': 9.952602183910965e-06, 'epoch': 2.12}
[2m[36m(pid=2175134)[0m {'loss': 0.6576, 'learning_rate': 5.1538547471168645e-06, 'epoch': 2.54}
[2m[36m(pid=2175134)[0m {'loss': 0.6711, 'learning_rate': 3.551073103227635e-07, 'epoch': 2.97}
Result for _inner_1ba403ce:
  date: 2021-03-25_03-38-13
  done: false
  epoch: 3.0
  eval_accuracy: 0.6103975535168196
  eval_f1: 0.7580706418533991
  eval_loss: 0.6686693429946899
  eval_precision: 0.6103975535168196
  eval_recall: 1.0
  eval_runtime: 9.8405
  eval_samples_per_second: 166.15
  experiment_id: fc0f2c5789d84548b1b611b3cfe70a74
  hostname: gr037.nyu.cluster
  iterations_since_restore: 3
  node_ip: 10.32.35.96
  objective: 0.6686693429946899
  pid: 2175134
  time_since_restore: 627.8155372142792
  time_this_iter_s: 207.51997780799866
  time_total_s: 627.8155372142792
  timestamp: 1616657893
  timesteps_since_restore: 0
  training_iteration: 3
  trial_id: 1ba403ce
  
== Status ==
Memory usage on this node: 91.8/377.3 GiB
Using FIFO scheduling algorithm.
Resources requested: 1/48 CPUs, 1/1 GPUs, 0.0/221.04 GiB heap, 0.0/68.12 GiB objects (0/1.0 accelerator_type:RTX)
Result logdir: /home/lw2534/ray_results/_inner_2021-03-25_02-56-03
Number of trials: 5/5 (1 PENDING, 1 RUNNING, 3 TERMINATED)
+-----------------+------------+---------------------+-----------------+-------------+
| Trial name      | status     | loc                 |   learning_rate |   objective |
|-----------------+------------+---------------------+-----------------+-------------|
| _inner_1ba403ce | RUNNING    | 10.32.35.96:2175134 |     3.39463e-05 |    0.668669 |
| _inner_922d607e | PENDING    |                     |     1.23233e-05 |             |
| _inner_2a0cf086 | TERMINATED |                     |     2.49816e-05 |    0.668709 |
| _inner_2a10a294 | TERMINATED |                     |     4.80286e-05 |    0.668568 |
| _inner_a2eabb36 | TERMINATED |                     |     3.92798e-05 |    0.668612 |
+-----------------+------------+---------------------+-----------------+-------------+


[2m[36m(pid=2175134)[0m (0.6103975535168196, 1.0, 0.7580706418533991, None)
[2m[36m(pid=2175134)[0m {'eval_loss': 0.6686693429946899, 'eval_accuracy': 0.6103975535168196, 'eval_f1': 0.7580706418533991, 'eval_precision': 0.6103975535168196, 'eval_recall': 1.0, 'eval_runtime': 9.8405, 'eval_samples_per_second': 166.15, 'epoch': 3.0}
[2m[36m(pid=2175134)[0m {'train_runtime': 626.2576, 'train_samples_per_second': 5.648, 'epoch': 3.0}
Result for _inner_1ba403ce:
  date: 2021-03-25_03-38-13
  done: true
  epoch: 3.0
  eval_accuracy: 0.6103975535168196
  eval_f1: 0.7580706418533991
  eval_loss: 0.6686693429946899
  eval_precision: 0.6103975535168196
  eval_recall: 1.0
  eval_runtime: 9.8405
  eval_samples_per_second: 166.15
  experiment_id: fc0f2c5789d84548b1b611b3cfe70a74
  experiment_tag: 4_learning_rate=3.3946e-05
  hostname: gr037.nyu.cluster
  iterations_since_restore: 3
  node_ip: 10.32.35.96
  objective: 0.6686693429946899
  pid: 2175134
  time_since_restore: 627.8155372142792
  time_this_iter_s: 207.51997780799866
  time_total_s: 627.8155372142792
  timestamp: 1616657893
  timesteps_since_restore: 0
  training_iteration: 3
  trial_id: 1ba403ce
  
== Status ==
Memory usage on this node: 92.5/377.3 GiB
Using FIFO scheduling algorithm.
Resources requested: 0/48 CPUs, 0/1 GPUs, 0.0/221.04 GiB heap, 0.0/68.12 GiB objects (0/1.0 accelerator_type:RTX)
Result logdir: /home/lw2534/ray_results/_inner_2021-03-25_02-56-03
Number of trials: 5/5 (1 PENDING, 4 TERMINATED)
+-----------------+------------+-------+-----------------+-------------+
| Trial name      | status     | loc   |   learning_rate |   objective |
|-----------------+------------+-------+-----------------+-------------|
| _inner_922d607e | PENDING    |       |     1.23233e-05 |             |
| _inner_2a0cf086 | TERMINATED |       |     2.49816e-05 |    0.668709 |
| _inner_2a10a294 | TERMINATED |       |     4.80286e-05 |    0.668568 |
| _inner_a2eabb36 | TERMINATED |       |     3.92798e-05 |    0.668612 |
| _inner_1ba403ce | TERMINATED |       |     3.39463e-05 |    0.668669 |
+-----------------+------------+-------+-----------------+-------------+


[2m[36m(pid=2175139)[0m {'loss': 0.6603, 'learning_rate': 1.0581282783769543e-05, 'epoch': 0.42}
[2m[36m(pid=2175139)[0m {'loss': 0.5989, 'learning_rate': 8.839221080811106e-06, 'epoch': 0.85}
Result for _inner_922d607e:
  date: 2021-03-25_03-41-51
  done: false
  epoch: 1.0
  eval_accuracy: 0.7321100917431193
  eval_f1: 0.7930056710775046
  eval_loss: 0.5387629866600037
  eval_precision: 0.7504472271914132
  eval_recall: 0.8406813627254509
  eval_runtime: 9.8607
  eval_samples_per_second: 165.809
  experiment_id: 63591ea84f6c4c07a60b10835912ce98
  hostname: gr037.nyu.cluster
  iterations_since_restore: 1
  node_ip: 10.32.35.96
  objective: 0.5387629866600037
  pid: 2175139
  time_since_restore: 212.3363742828369
  time_this_iter_s: 212.3363742828369
  time_total_s: 212.3363742828369
  timestamp: 1616658111
  timesteps_since_restore: 0
  training_iteration: 1
  trial_id: 922d607e
  
== Status ==
Memory usage on this node: 95.5/377.3 GiB
Using FIFO scheduling algorithm.
Resources requested: 1/48 CPUs, 1/1 GPUs, 0.0/221.04 GiB heap, 0.0/68.12 GiB objects (0/1.0 accelerator_type:RTX)
Result logdir: /home/lw2534/ray_results/_inner_2021-03-25_02-56-03
Number of trials: 5/5 (1 RUNNING, 4 TERMINATED)
+-----------------+------------+---------------------+-----------------+-------------+
| Trial name      | status     | loc                 |   learning_rate |   objective |
|-----------------+------------+---------------------+-----------------+-------------|
| _inner_922d607e | RUNNING    | 10.32.35.96:2175139 |     1.23233e-05 |    0.538763 |
| _inner_2a0cf086 | TERMINATED |                     |     2.49816e-05 |    0.668709 |
| _inner_2a10a294 | TERMINATED |                     |     4.80286e-05 |    0.668568 |
| _inner_a2eabb36 | TERMINATED |                     |     3.92798e-05 |    0.668612 |
| _inner_1ba403ce | TERMINATED |                     |     3.39463e-05 |    0.668669 |
+-----------------+------------+---------------------+-----------------+-------------+


[2m[36m(pid=2175139)[0m (0.7504472271914132, 0.8406813627254509, 0.7930056710775046, None)
[2m[36m(pid=2175139)[0m {'eval_loss': 0.5387629866600037, 'eval_accuracy': 0.7321100917431193, 'eval_f1': 0.7930056710775046, 'eval_precision': 0.7504472271914132, 'eval_recall': 0.8406813627254509, 'eval_runtime': 9.8607, 'eval_samples_per_second': 165.809, 'epoch': 1.0}
[2m[36m(pid=2175139)[0m {'loss': 0.5145, 'learning_rate': 7.09715937785267e-06, 'epoch': 1.27}
[2m[36m(pid=2175139)[0m {'loss': 0.4817, 'learning_rate': 5.3550976748942334e-06, 'epoch': 1.7}
Result for _inner_922d607e:
  date: 2021-03-25_03-45-19
  done: false
  epoch: 2.0
  eval_accuracy: 0.7681957186544343
  eval_f1: 0.8051413881748073
  eval_loss: 0.5159039497375488
  eval_precision: 0.8268215417106652
  eval_recall: 0.7845691382765531
  eval_runtime: 9.8477
  eval_samples_per_second: 166.028
  experiment_id: 63591ea84f6c4c07a60b10835912ce98
  hostname: gr037.nyu.cluster
  iterations_since_restore: 2
  node_ip: 10.32.35.96
  objective: 0.5159039497375488
  pid: 2175139
  time_since_restore: 420.325802564621
  time_this_iter_s: 207.98942828178406
  time_total_s: 420.325802564621
  timestamp: 1616658319
  timesteps_since_restore: 0
  training_iteration: 2
  trial_id: 922d607e
  
== Status ==
Memory usage on this node: 95.6/377.3 GiB
Using FIFO scheduling algorithm.
Resources requested: 1/48 CPUs, 1/1 GPUs, 0.0/221.04 GiB heap, 0.0/68.12 GiB objects (0/1.0 accelerator_type:RTX)
Result logdir: /home/lw2534/ray_results/_inner_2021-03-25_02-56-03
Number of trials: 5/5 (1 RUNNING, 4 TERMINATED)
+-----------------+------------+---------------------+-----------------+-------------+
| Trial name      | status     | loc                 |   learning_rate |   objective |
|-----------------+------------+---------------------+-----------------+-------------|
| _inner_922d607e | RUNNING    | 10.32.35.96:2175139 |     1.23233e-05 |    0.515904 |
| _inner_2a0cf086 | TERMINATED |                     |     2.49816e-05 |    0.668709 |
| _inner_2a10a294 | TERMINATED |                     |     4.80286e-05 |    0.668568 |
| _inner_a2eabb36 | TERMINATED |                     |     3.92798e-05 |    0.668612 |
| _inner_1ba403ce | TERMINATED |                     |     3.39463e-05 |    0.668669 |
+-----------------+------------+---------------------+-----------------+-------------+


[2m[36m(pid=2175139)[0m (0.8268215417106652, 0.7845691382765531, 0.8051413881748073, None)
[2m[36m(pid=2175139)[0m {'eval_loss': 0.5159039497375488, 'eval_accuracy': 0.7681957186544343, 'eval_f1': 0.8051413881748073, 'eval_precision': 0.8268215417106652, 'eval_recall': 0.7845691382765531, 'eval_runtime': 9.8477, 'eval_samples_per_second': 166.028, 'epoch': 2.0}
[2m[36m(pid=2175139)[0m {'loss': 0.4301, 'learning_rate': 3.613035971935797e-06, 'epoch': 2.12}
[2m[36m(pid=2175139)[0m {'loss': 0.3723, 'learning_rate': 1.8709742689773606e-06, 'epoch': 2.54}
[2m[36m(pid=2175139)[0m {'loss': 0.3653, 'learning_rate': 1.289125660189243e-07, 'epoch': 2.97}
Result for _inner_922d607e:
  date: 2021-03-25_03-48-47
  done: false
  epoch: 3.0
  eval_accuracy: 0.7847094801223241
  eval_f1: 0.8220424671385238
  eval_loss: 0.6140156984329224
  eval_precision: 0.8295918367346938
  eval_recall: 0.814629258517034
  eval_runtime: 9.8528
  eval_samples_per_second: 165.943
  experiment_id: 63591ea84f6c4c07a60b10835912ce98
  hostname: gr037.nyu.cluster
  iterations_since_restore: 3
  node_ip: 10.32.35.96
  objective: 0.6140156984329224
  pid: 2175139
  time_since_restore: 628.8711314201355
  time_this_iter_s: 208.54532885551453
  time_total_s: 628.8711314201355
  timestamp: 1616658527
  timesteps_since_restore: 0
  training_iteration: 3
  trial_id: 922d607e
  
== Status ==
Memory usage on this node: 95.5/377.3 GiB
Using FIFO scheduling algorithm.
Resources requested: 1/48 CPUs, 1/1 GPUs, 0.0/221.04 GiB heap, 0.0/68.12 GiB objects (0/1.0 accelerator_type:RTX)
Result logdir: /home/lw2534/ray_results/_inner_2021-03-25_02-56-03
Number of trials: 5/5 (1 RUNNING, 4 TERMINATED)
+-----------------+------------+---------------------+-----------------+-------------+
| Trial name      | status     | loc                 |   learning_rate |   objective |
|-----------------+------------+---------------------+-----------------+-------------|
| _inner_922d607e | RUNNING    | 10.32.35.96:2175139 |     1.23233e-05 |    0.614016 |
| _inner_2a0cf086 | TERMINATED |                     |     2.49816e-05 |    0.668709 |
| _inner_2a10a294 | TERMINATED |                     |     4.80286e-05 |    0.668568 |
| _inner_a2eabb36 | TERMINATED |                     |     3.92798e-05 |    0.668612 |
| _inner_1ba403ce | TERMINATED |                     |     3.39463e-05 |    0.668669 |
+-----------------+------------+---------------------+-----------------+-------------+


[2m[36m(pid=2175139)[0m (0.8295918367346938, 0.814629258517034, 0.8220424671385238, None)
[2m[36m(pid=2175139)[0m {'eval_loss': 0.6140156984329224, 'eval_accuracy': 0.7847094801223241, 'eval_f1': 0.8220424671385238, 'eval_precision': 0.8295918367346938, 'eval_recall': 0.814629258517034, 'eval_runtime': 9.8528, 'eval_samples_per_second': 165.943, 'epoch': 3.0}
[2m[36m(pid=2175139)[0m {'train_runtime': 627.8956, 'train_samples_per_second': 5.633, 'epoch': 3.0}
Result for _inner_922d607e:
  date: 2021-03-25_03-48-47
  done: true
  epoch: 3.0
  eval_accuracy: 0.7847094801223241
  eval_f1: 0.8220424671385238
  eval_loss: 0.6140156984329224
  eval_precision: 0.8295918367346938
  eval_recall: 0.814629258517034
  eval_runtime: 9.8528
  eval_samples_per_second: 165.943
  experiment_id: 63591ea84f6c4c07a60b10835912ce98
  experiment_tag: 5_learning_rate=1.2323e-05
  hostname: gr037.nyu.cluster
  iterations_since_restore: 3
  node_ip: 10.32.35.96
  objective: 0.6140156984329224
  pid: 2175139
  time_since_restore: 628.8711314201355
  time_this_iter_s: 208.54532885551453
  time_total_s: 628.8711314201355
  timestamp: 1616658527
  timesteps_since_restore: 0
  training_iteration: 3
  trial_id: 922d607e
  
== Status ==
Memory usage on this node: 95.0/377.3 GiB
Using FIFO scheduling algorithm.
Resources requested: 0/48 CPUs, 0/1 GPUs, 0.0/221.04 GiB heap, 0.0/68.12 GiB objects (0/1.0 accelerator_type:RTX)
Result logdir: /home/lw2534/ray_results/_inner_2021-03-25_02-56-03
Number of trials: 5/5 (5 TERMINATED)
+-----------------+------------+-------+-----------------+-------------+
| Trial name      | status     | loc   |   learning_rate |   objective |
|-----------------+------------+-------+-----------------+-------------|
| _inner_2a0cf086 | TERMINATED |       |     2.49816e-05 |    0.668709 |
| _inner_2a10a294 | TERMINATED |       |     4.80286e-05 |    0.668568 |
| _inner_a2eabb36 | TERMINATED |       |     3.92798e-05 |    0.668612 |
| _inner_1ba403ce | TERMINATED |       |     3.39463e-05 |    0.668669 |
| _inner_922d607e | TERMINATED |       |     1.23233e-05 |    0.614016 |
+-----------------+------------+-------+-----------------+-------------+


== Status ==
Memory usage on this node: 95.0/377.3 GiB
Using FIFO scheduling algorithm.
Resources requested: 0/48 CPUs, 0/1 GPUs, 0.0/221.04 GiB heap, 0.0/68.12 GiB objects (0/1.0 accelerator_type:RTX)
Result logdir: /home/lw2534/ray_results/_inner_2021-03-25_02-56-03
Number of trials: 5/5 (5 TERMINATED)
+-----------------+------------+-------+-----------------+-------------+
| Trial name      | status     | loc   |   learning_rate |   objective |
|-----------------+------------+-------+-----------------+-------------|
| _inner_2a0cf086 | TERMINATED |       |     2.49816e-05 |    0.668709 |
| _inner_2a10a294 | TERMINATED |       |     4.80286e-05 |    0.668568 |
| _inner_a2eabb36 | TERMINATED |       |     3.92798e-05 |    0.668612 |
| _inner_1ba403ce | TERMINATED |       |     3.39463e-05 |    0.668669 |
| _inner_922d607e | TERMINATED |       |     1.23233e-05 |    0.614016 |
+-----------------+------------+-------+-----------------+-------------+


{'loss': 0.6727, 'learning_rate': 4.2931863160870795e-05, 'epoch': 0.42}
{'loss': 0.6641, 'learning_rate': 3.5863726321741594e-05, 'epoch': 0.85}
(0.6103975535168196, 1.0, 0.7580706418533991, None)
{'eval_loss': 0.6739904284477234, 'eval_accuracy': 0.6103975535168196, 'eval_f1': 0.7580706418533991, 'eval_precision': 0.6103975535168196, 'eval_recall': 1.0, 'eval_runtime': 9.8552, 'eval_samples_per_second': 165.903, 'epoch': 1.0}
{'loss': 0.6669, 'learning_rate': 2.8795589482612383e-05, 'epoch': 1.27}
{'loss': 0.6671, 'learning_rate': 2.1727452643483178e-05, 'epoch': 1.7}
(0.6103975535168196, 1.0, 0.7580706418533991, None)
{'eval_loss': 0.6704164147377014, 'eval_accuracy': 0.6103975535168196, 'eval_f1': 0.7580706418533991, 'eval_precision': 0.6103975535168196, 'eval_recall': 1.0, 'eval_runtime': 9.835, 'eval_samples_per_second': 166.244, 'epoch': 2.0}
{'loss': 0.6678, 'learning_rate': 1.4659315804353974e-05, 'epoch': 2.12}
{'loss': 0.6585, 'learning_rate': 7.591178965224767e-06, 'epoch': 2.54}
{'loss': 0.6719, 'learning_rate': 5.230421260955612e-07, 'epoch': 2.97}
(0.6103975535168196, 1.0, 0.7580706418533991, None)
{'eval_loss': 0.6685885787010193, 'eval_accuracy': 0.6103975535168196, 'eval_f1': 0.7580706418533991, 'eval_precision': 0.6103975535168196, 'eval_recall': 1.0, 'eval_runtime': 9.8201, 'eval_samples_per_second': 166.495, 'epoch': 3.0}
{'train_runtime': 626.1327, 'train_samples_per_second': 5.649, 'epoch': 3.0}
hahaha here it is
BestRun(run_id='922d607e', objective=0.6140156984329224, hyperparameters={'learning_rate': 1.2323344486727979e-05})
